<?xml version="1.0" encoding="UTF-8"?>
<testng-results skipped="0" failed="0" total="1" passed="1">
  <reporter-output>
  </reporter-output>
  <suite name="Suite1" duration-ms="1037" started-at="2013-12-26T22:57:52Z" finished-at="2013-12-26T22:57:53Z">
    <groups>
    </groups>
    <test name="Regression1" duration-ms="1037" started-at="2013-12-26T22:57:52Z" finished-at="2013-12-26T22:57:53Z">
      <class name="test.sample.TestGet">
        <test-method status="PASS" signature="testGetRequest()[pri:0, instance:test.sample.TestGet@191ad846]" name="testGetRequest" duration-ms="1027" started-at="2013-12-26T14:57:52Z" finished-at="2013-12-26T14:57:53Z">
          <reporter-output>
          </reporter-output>
        </test-method> <!-- testGetRequest -->
      </class> <!-- test.sample.TestGet -->
    </test> <!-- Regression1 -->
  </suite> <!-- Suite1 -->
</testng-results>
